2024-04-25T17:17:41.176+03:00  INFO 9784 --- [springJRproj] [main] c.s.s.SpringJRProjApplication            : Starting SpringJRProjApplication using Java 19.0.2 with PID 9784 (D:\springJRproj\build\classes\java\main started by Вова in D:\springJRproj)
2024-04-25T17:17:41.181+03:00  INFO 9784 --- [springJRproj] [main] c.s.s.SpringJRProjApplication            : The following 1 profile is active: "qa"
2024-04-25T17:17:42.721+03:00  INFO 9784 --- [springJRproj] [main] .s.d.r.c.RepositoryConfigurationDelegate : Bootstrapping Spring Data JPA repositories in DEFAULT mode.
2024-04-25T17:17:42.868+03:00  INFO 9784 --- [springJRproj] [main] .s.d.r.c.RepositoryConfigurationDelegate : Finished Spring Data repository scanning in 128 ms. Found 1 JPA repository interface.
2024-04-25T17:17:44.608+03:00  INFO 9784 --- [springJRproj] [main] o.s.b.w.embedded.tomcat.TomcatWebServer  : Tomcat initialized with port 8090 (http)
2024-04-25T17:17:44.649+03:00  INFO 9784 --- [springJRproj] [main] o.apache.catalina.core.StandardService   : Starting service [Tomcat]
2024-04-25T17:17:44.651+03:00  INFO 9784 --- [springJRproj] [main] o.apache.catalina.core.StandardEngine    : Starting Servlet engine: [Apache Tomcat/10.1.20]
2024-04-25T17:17:45.162+03:00  INFO 9784 --- [springJRproj] [main] org.apache.jasper.servlet.TldScanner     : At least one JAR was scanned for TLDs yet contained no TLDs. Enable debug logging for this logger for a complete list of JARs that were scanned but no TLDs were found in them. Skipping unneeded JARs during scanning can improve startup time and JSP compilation time.
2024-04-25T17:17:45.178+03:00  INFO 9784 --- [springJRproj] [main] o.a.c.c.C.[Tomcat].[localhost].[/]       : Initializing Spring embedded WebApplicationContext
2024-04-25T17:17:45.179+03:00  INFO 9784 --- [springJRproj] [main] w.s.c.ServletWebServerApplicationContext : Root WebApplicationContext: initialization completed in 3892 ms
2024-04-25T17:17:45.580+03:00  INFO 9784 --- [springJRproj] [main] o.hibernate.jpa.internal.util.LogHelper  : HHH000204: Processing PersistenceUnitInfo [name: default]
2024-04-25T17:17:45.820+03:00  INFO 9784 --- [springJRproj] [main] org.hibernate.Version                    : HHH000412: Hibernate ORM core version 6.4.4.Final
2024-04-25T17:17:45.946+03:00  INFO 9784 --- [springJRproj] [main] o.h.c.internal.RegionFactoryInitiator    : HHH000026: Second-level cache disabled
2024-04-25T17:17:46.542+03:00  INFO 9784 --- [springJRproj] [main] o.s.o.j.p.SpringPersistenceUnitInfo      : No LoadTimeWeaver setup: ignoring JPA class transformer
2024-04-25T17:17:46.601+03:00  INFO 9784 --- [springJRproj] [main] com.zaxxer.hikari.HikariDataSource       : HikariPool-1 - Starting...
2024-04-25T17:17:47.593+03:00  INFO 9784 --- [springJRproj] [main] com.zaxxer.hikari.pool.HikariPool        : HikariPool-1 - Added connection com.mysql.cj.jdbc.ConnectionImpl@b77b0a0
2024-04-25T17:17:47.598+03:00  INFO 9784 --- [springJRproj] [main] com.zaxxer.hikari.HikariDataSource       : HikariPool-1 - Start completed.
2024-04-25T17:17:50.297+03:00  INFO 9784 --- [springJRproj] [main] o.h.e.t.j.p.i.JtaPlatformInitiator       : HHH000489: No JTA platform available (set 'hibernate.transaction.jta.platform' to enable JTA platform integration)
2024-04-25T17:17:50.854+03:00  INFO 9784 --- [springJRproj] [main] j.LocalContainerEntityManagerFactoryBean : Initialized JPA EntityManagerFactory for persistence unit 'default'
2024-04-25T17:17:51.410+03:00  INFO 9784 --- [springJRproj] [main] o.s.d.j.r.query.QueryEnhancerFactory     : Hibernate is in classpath; If applicable, HQL parser will be used.
2024-04-25T17:17:52.134+03:00  WARN 9784 --- [springJRproj] [main] JpaBaseConfiguration$JpaWebConfiguration : spring.jpa.open-in-view is enabled by default. Therefore, database queries may be performed during view rendering. Explicitly configure spring.jpa.open-in-view to disable this warning
2024-04-25T17:17:53.000+03:00  INFO 9784 --- [springJRproj] [main] o.s.b.w.embedded.tomcat.TomcatWebServer  : Tomcat started on port 8090 (http) with context path ''
2024-04-25T17:17:53.017+03:00  INFO 9784 --- [springJRproj] [main] c.s.s.SpringJRProjApplication            : Started SpringJRProjApplication in 13.102 seconds (process running for 16.03)
2024-04-25T17:18:09.082+03:00  INFO 9784 --- [springJRproj] [http-nio-8090-exec-1] o.a.c.c.C.[Tomcat].[localhost].[/]       : Initializing Spring DispatcherServlet 'dispatcherServlet'
2024-04-25T17:18:09.083+03:00  INFO 9784 --- [springJRproj] [http-nio-8090-exec-1] o.s.web.servlet.DispatcherServlet        : Initializing Servlet 'dispatcherServlet'
2024-04-25T17:18:09.084+03:00  INFO 9784 --- [springJRproj] [http-nio-8090-exec-1] o.s.web.servlet.DispatcherServlet        : Completed initialization in 1 ms
